2022-01-29 16:16:53,258: OTHER INFORMATION
2022-01-29 16:16:53,258: Decay rate: 0.96, Vocab size: 1000 
2022-01-29 16:16:53,258: =====
2022-01-29 16:16:53,258: HYPERPARAMETER SEARCH ITERATION: 0
2022-01-29 16:16:53,789: HYPERPARAMETERS:
2022-01-29 16:16:53,789: Learning rate: 0.000552, Batch size: 64, LSTM Dimension: 32, MLP Dimension: 128
2022-01-29 16:19:06,296: VALIDATION SET ACCURACIES:
2022-01-29 16:19:06,296: 87.28 %
2022-01-29 16:19:06,296: 87.28 %
2022-01-29 16:19:06,296: 87.28 %
2022-01-29 16:19:06,296: 87.28 %
2022-01-29 16:19:06,296: 87.28 %
2022-01-29 16:19:06,296: 87.28 %
2022-01-29 16:19:06,299: 87.28 %
2022-01-29 16:19:06,299: 87.28 %
2022-01-29 16:19:06,299: 87.28 %
2022-01-29 16:19:06,299: 87.28 %
2022-01-29 16:19:06,299: 87.28 %
2022-01-29 16:19:06,299: 87.28 %
2022-01-29 16:19:06,299: 87.28 %
2022-01-29 16:19:06,299: 87.28 %
2022-01-29 16:19:06,299: 87.28 %
2022-01-29 16:19:06,299: 87.28 %
2022-01-29 16:19:06,299: 87.28 %
2022-01-29 16:19:06,299: 87.28 %
2022-01-29 16:19:06,299: 87.28 %
2022-01-29 16:19:06,299: 87.28 %
2022-01-29 16:19:06,299: =====
2022-01-29 16:19:06,299: HYPERPARAMETER SEARCH ITERATION: 1
2022-01-29 16:19:06,875: HYPERPARAMETERS:
2022-01-29 16:19:06,875: Learning rate: 0.004506, Batch size: 128, LSTM Dimension: 32, MLP Dimension: 128
2022-01-29 16:21:00,193: VALIDATION SET ACCURACIES:
2022-01-29 16:21:00,193: 87.50 %
2022-01-29 16:21:00,193: 87.50 %
2022-01-29 16:21:00,194: 87.50 %
2022-01-29 16:21:00,194: 87.50 %
2022-01-29 16:21:00,194: 87.39 %
2022-01-29 16:21:00,194: 87.39 %
2022-01-29 16:21:00,194: 87.72 %
2022-01-29 16:21:00,194: 88.28 %
2022-01-29 16:21:00,194: 88.17 %
2022-01-29 16:21:00,194: 88.17 %
2022-01-29 16:21:00,194: 88.50 %
2022-01-29 16:21:00,194: 88.50 %
2022-01-29 16:21:00,194: 88.17 %
2022-01-29 16:21:00,194: 88.39 %
2022-01-29 16:21:00,194: 87.83 %
2022-01-29 16:21:00,194: 89.06 %
2022-01-29 16:21:00,194: 88.28 %
2022-01-29 16:21:00,194: 88.28 %
2022-01-29 16:21:00,194: 88.17 %
2022-01-29 16:21:00,194: 88.17 %
2022-01-29 16:21:00,194: =====
2022-01-29 16:21:00,194: HYPERPARAMETER SEARCH ITERATION: 2
2022-01-29 16:21:00,778: HYPERPARAMETERS:
2022-01-29 16:21:00,779: Learning rate: 0.031066, Batch size: 128, LSTM Dimension: 256, MLP Dimension: 512
2022-01-29 16:32:29,853: VALIDATION SET ACCURACIES:
2022-01-29 16:32:29,853: 87.95 %
2022-01-29 16:32:29,853: 86.50 %
2022-01-29 16:32:29,853: 85.27 %
2022-01-29 16:32:29,853: 59.38 %
2022-01-29 16:32:29,853: 87.17 %
2022-01-29 16:32:29,853: 87.95 %
2022-01-29 16:32:29,853: 86.94 %
2022-01-29 16:32:29,853: 88.84 %
2022-01-29 16:32:29,853: 89.06 %
2022-01-29 16:32:29,853: 87.61 %
2022-01-29 16:32:29,853: 87.50 %
2022-01-29 16:32:29,853: 87.05 %
2022-01-29 16:32:29,853: 88.62 %
2022-01-29 16:32:29,854: 87.61 %
2022-01-29 16:32:29,854: 87.17 %
2022-01-29 16:32:29,854: 89.06 %
2022-01-29 16:32:29,854: 88.95 %
2022-01-29 16:32:29,854: 86.94 %
2022-01-29 16:32:29,854: 86.72 %
2022-01-29 16:32:29,854: 88.39 %
2022-01-29 16:32:29,854: =====
2022-01-29 16:32:29,854: HYPERPARAMETER SEARCH ITERATION: 3
2022-01-29 16:32:30,427: HYPERPARAMETERS:
2022-01-29 16:32:30,427: Learning rate: 0.054232, Batch size: 512, LSTM Dimension: 32, MLP Dimension: 128
2022-01-29 16:34:13,590: VALIDATION SET ACCURACIES:
2022-01-29 16:34:13,590: 76.17 %
2022-01-29 16:34:13,590: 76.27 %
2022-01-29 16:34:13,590: 61.04 %
2022-01-29 16:34:13,590: 72.07 %
2022-01-29 16:34:13,590: 76.37 %
2022-01-29 16:34:13,590: 76.56 %
2022-01-29 16:34:13,590: 75.59 %
2022-01-29 16:34:13,590: 72.75 %
2022-01-29 16:34:13,590: 76.17 %
2022-01-29 16:34:13,590: 60.64 %
2022-01-29 16:34:13,590: 75.10 %
2022-01-29 16:34:13,590: 75.88 %
2022-01-29 16:34:13,590: 72.56 %
2022-01-29 16:34:13,590: 75.29 %
2022-01-29 16:34:13,590: 76.27 %
2022-01-29 16:34:13,590: 75.39 %
2022-01-29 16:34:13,590: 76.46 %
2022-01-29 16:34:13,590: 57.91 %
2022-01-29 16:34:13,590: 76.27 %
2022-01-29 16:34:13,590: 71.39 %
2022-01-29 16:34:13,590: =====
2022-01-29 16:34:13,590: HYPERPARAMETER SEARCH ITERATION: 4
2022-01-29 16:34:14,136: HYPERPARAMETERS:
2022-01-29 16:34:14,136: Learning rate: 0.000109, Batch size: 256, LSTM Dimension: 256, MLP Dimension: 128
2022-01-29 16:45:02,515: VALIDATION SET ACCURACIES:
2022-01-29 16:45:02,516: 68.07 %
2022-01-29 16:45:02,516: 73.24 %
2022-01-29 16:45:02,516: 73.63 %
2022-01-29 16:45:02,516: 74.12 %
2022-01-29 16:45:02,516: 74.32 %
2022-01-29 16:45:02,516: 74.22 %
2022-01-29 16:45:02,516: 74.22 %
2022-01-29 16:45:02,516: 74.51 %
2022-01-29 16:45:02,516: 74.51 %
2022-01-29 16:45:02,516: 74.51 %
2022-01-29 16:45:02,516: 74.51 %
2022-01-29 16:45:02,516: 74.51 %
2022-01-29 16:45:02,516: 74.51 %
2022-01-29 16:45:02,516: 74.51 %
2022-01-29 16:45:02,516: 74.51 %
2022-01-29 16:45:02,516: 74.51 %
2022-01-29 16:45:02,516: 74.51 %
2022-01-29 16:45:02,516: 74.51 %
2022-01-29 16:45:02,516: 74.51 %
2022-01-29 16:45:02,516: 74.51 %
2022-01-29 16:45:02,516: =====
2022-01-29 16:45:02,517: HYPERPARAMETER SEARCH ITERATION: 5
2022-01-29 16:45:03,095: HYPERPARAMETERS:
2022-01-29 16:45:03,096: Learning rate: 0.004075, Batch size: 512, LSTM Dimension: 64, MLP Dimension: 32
2022-01-29 16:47:59,478: VALIDATION SET ACCURACIES:
2022-01-29 16:47:59,479: 73.54 %
2022-01-29 16:47:59,479: 73.63 %
2022-01-29 16:47:59,479: 73.63 %
2022-01-29 16:47:59,479: 73.83 %
2022-01-29 16:47:59,479: 73.83 %
2022-01-29 16:47:59,479: 74.02 %
2022-01-29 16:47:59,479: 74.02 %
2022-01-29 16:47:59,479: 74.51 %
2022-01-29 16:47:59,479: 74.71 %
2022-01-29 16:47:59,479: 74.90 %
2022-01-29 16:47:59,479: 75.49 %
2022-01-29 16:47:59,479: 75.39 %
2022-01-29 16:47:59,479: 77.05 %
2022-01-29 16:47:59,479: 77.05 %
2022-01-29 16:47:59,479: 76.76 %
2022-01-29 16:47:59,479: 76.46 %
2022-01-29 16:47:59,479: 76.95 %
2022-01-29 16:47:59,479: 76.86 %
2022-01-29 16:47:59,479: 76.76 %
2022-01-29 16:47:59,479: 76.95 %
2022-01-29 16:47:59,479: =====
2022-01-29 16:47:59,479: HYPERPARAMETER SEARCH ITERATION: 6
2022-01-29 16:48:00,049: HYPERPARAMETERS:
2022-01-29 16:48:00,049: Learning rate: 0.000105, Batch size: 512, LSTM Dimension: 128, MLP Dimension: 512
2022-01-29 16:53:24,171: VALIDATION SET ACCURACIES:
2022-01-29 16:53:24,171: 74.12 %
2022-01-29 16:53:24,171: 75.10 %
2022-01-29 16:53:24,171: 75.20 %
2022-01-29 16:53:24,172: 75.20 %
2022-01-29 16:53:24,172: 75.20 %
2022-01-29 16:53:24,172: 75.20 %
2022-01-29 16:53:24,172: 75.20 %
2022-01-29 16:53:24,172: 75.20 %
2022-01-29 16:53:24,172: 75.20 %
2022-01-29 16:53:24,172: 75.20 %
2022-01-29 16:53:24,172: 75.20 %
2022-01-29 16:53:24,172: 75.20 %
2022-01-29 16:53:24,172: 75.20 %
2022-01-29 16:53:24,172: 75.20 %
2022-01-29 16:53:24,172: 75.20 %
2022-01-29 16:53:24,172: 75.20 %
2022-01-29 16:53:24,172: 75.20 %
2022-01-29 16:53:24,172: 75.20 %
2022-01-29 16:53:24,172: 75.20 %
2022-01-29 16:53:24,172: 75.20 %
2022-01-29 16:53:24,172: =====
2022-01-29 16:53:24,172: HYPERPARAMETER SEARCH ITERATION: 7
2022-01-29 16:53:24,751: HYPERPARAMETERS:
2022-01-29 16:53:24,751: Learning rate: 0.001235, Batch size: 32, LSTM Dimension: 256, MLP Dimension: 512
2022-01-29 17:07:00,401: VALIDATION SET ACCURACIES:
2022-01-29 17:07:00,406: 87.39 %
2022-01-29 17:07:00,406: 88.50 %
2022-01-29 17:07:00,406: 89.62 %
2022-01-29 17:07:00,406: 90.74 %
2022-01-29 17:07:00,406: 90.85 %
2022-01-29 17:07:00,406: 91.63 %
2022-01-29 17:07:00,406: 91.96 %
2022-01-29 17:07:00,406: 92.30 %
2022-01-29 17:07:00,406: 92.19 %
2022-01-29 17:07:00,406: 92.08 %
2022-01-29 17:07:00,406: 92.52 %
2022-01-29 17:07:00,406: 93.53 %
2022-01-29 17:07:00,406: 93.30 %
2022-01-29 17:07:00,406: 94.08 %
2022-01-29 17:07:00,406: 93.64 %
2022-01-29 17:07:00,406: 93.86 %
2022-01-29 17:07:00,406: 92.97 %
2022-01-29 17:07:00,406: 94.20 %
2022-01-29 17:07:00,406: 93.97 %
2022-01-29 17:07:00,406: 94.20 %
2022-01-29 17:07:00,406: =====
2022-01-29 17:07:00,406: HYPERPARAMETER SEARCH ITERATION: 8
2022-01-29 17:07:00,964: HYPERPARAMETERS:
2022-01-29 17:07:00,964: Learning rate: 0.042608, Batch size: 32, LSTM Dimension: 256, MLP Dimension: 256
2022-01-29 17:20:58,126: VALIDATION SET ACCURACIES:
2022-01-29 17:20:58,126: 80.80 %
2022-01-29 17:20:58,126: 86.27 %
2022-01-29 17:20:58,126: 87.39 %
2022-01-29 17:20:58,126: 86.50 %
2022-01-29 17:20:58,126: 84.15 %
2022-01-29 17:20:58,126: 84.93 %
2022-01-29 17:20:58,126: 86.05 %
2022-01-29 17:20:58,126: 86.61 %
2022-01-29 17:20:58,126: 85.38 %
2022-01-29 17:20:58,126: 86.61 %
2022-01-29 17:20:58,126: 84.71 %
2022-01-29 17:20:58,126: 85.60 %
2022-01-29 17:20:58,126: 86.83 %
2022-01-29 17:20:58,126: 86.61 %
2022-01-29 17:20:58,126: 87.50 %
2022-01-29 17:20:58,126: 87.72 %
2022-01-29 17:20:58,126: 87.72 %
2022-01-29 17:20:58,126: 88.06 %
2022-01-29 17:20:58,126: 87.72 %
2022-01-29 17:20:58,126: 86.72 %
2022-01-29 17:20:58,126: =====
2022-01-29 17:20:58,126: HYPERPARAMETER SEARCH ITERATION: 9
2022-01-29 17:20:58,703: HYPERPARAMETERS:
2022-01-29 17:20:58,703: Learning rate: 0.003975, Batch size: 256, LSTM Dimension: 64, MLP Dimension: 256
2022-01-29 17:23:54,792: VALIDATION SET ACCURACIES:
2022-01-29 17:23:54,797: 75.59 %
2022-01-29 17:23:54,797: 75.59 %
2022-01-29 17:23:54,797: 76.17 %
2022-01-29 17:23:54,797: 76.27 %
2022-01-29 17:23:54,797: 76.56 %
2022-01-29 17:23:54,797: 77.05 %
2022-01-29 17:23:54,797: 76.56 %
2022-01-29 17:23:54,797: 76.37 %
2022-01-29 17:23:54,797: 76.17 %
2022-01-29 17:23:54,797: 76.66 %
2022-01-29 17:23:54,797: 76.56 %
2022-01-29 17:23:54,797: 77.44 %
2022-01-29 17:23:54,797: 76.95 %
2022-01-29 17:23:54,797: 77.54 %
2022-01-29 17:23:54,797: 77.25 %
2022-01-29 17:23:54,797: 77.93 %
2022-01-29 17:23:54,797: 78.22 %
2022-01-29 17:23:54,797: 78.71 %
2022-01-29 17:23:54,797: 79.20 %
2022-01-29 17:23:54,797: 79.10 %
2022-01-29 17:23:54,797: =====
2022-01-29 17:23:54,797: HYPERPARAMETER SEARCH ITERATION: 10
2022-01-29 17:23:55,394: HYPERPARAMETERS:
2022-01-29 17:23:55,394: Learning rate: 0.000919, Batch size: 32, LSTM Dimension: 32, MLP Dimension: 64
2022-01-29 17:26:26,326: VALIDATION SET ACCURACIES:
2022-01-29 17:26:26,326: 86.38 %
2022-01-29 17:26:26,326: 86.38 %
2022-01-29 17:26:26,326: 86.38 %
2022-01-29 17:26:26,326: 86.38 %
2022-01-29 17:26:26,326: 86.38 %
2022-01-29 17:26:26,326: 86.38 %
2022-01-29 17:26:26,326: 86.38 %
2022-01-29 17:26:26,326: 86.61 %
2022-01-29 17:26:26,326: 86.72 %
2022-01-29 17:26:26,326: 86.72 %
2022-01-29 17:26:26,326: 86.72 %
2022-01-29 17:26:26,326: 86.72 %
2022-01-29 17:26:26,326: 86.94 %
2022-01-29 17:26:26,326: 86.94 %
2022-01-29 17:26:26,326: 87.39 %
2022-01-29 17:26:26,326: 87.39 %
2022-01-29 17:26:26,326: 87.39 %
2022-01-29 17:26:26,326: 87.50 %
2022-01-29 17:26:26,326: 87.95 %
2022-01-29 17:26:26,326: 87.83 %
2022-01-29 17:26:26,326: =====
2022-01-29 17:26:26,326: HYPERPARAMETER SEARCH ITERATION: 11
2022-01-29 17:26:26,842: HYPERPARAMETERS:
2022-01-29 17:26:26,842: Learning rate: 0.000667, Batch size: 256, LSTM Dimension: 256, MLP Dimension: 128
2022-01-29 17:37:07,189: VALIDATION SET ACCURACIES:
2022-01-29 17:37:07,189: 75.39 %
2022-01-29 17:37:07,189: 75.39 %
2022-01-29 17:37:07,189: 75.39 %
2022-01-29 17:37:07,189: 75.39 %
2022-01-29 17:37:07,189: 75.39 %
2022-01-29 17:37:07,189: 75.39 %
2022-01-29 17:37:07,189: 75.59 %
2022-01-29 17:37:07,189: 75.88 %
2022-01-29 17:37:07,189: 75.98 %
2022-01-29 17:37:07,189: 76.17 %
2022-01-29 17:37:07,189: 76.27 %
2022-01-29 17:37:07,189: 76.27 %
2022-01-29 17:37:07,189: 76.56 %
2022-01-29 17:37:07,189: 76.46 %
2022-01-29 17:37:07,189: 76.56 %
2022-01-29 17:37:07,189: 76.86 %
2022-01-29 17:37:07,189: 76.95 %
2022-01-29 17:37:07,189: 76.95 %
2022-01-29 17:37:07,189: 77.05 %
2022-01-29 17:37:07,189: 77.25 %
2022-01-29 17:37:07,189: =====
2022-01-29 17:37:07,189: HYPERPARAMETER SEARCH ITERATION: 12
2022-01-29 17:37:07,751: HYPERPARAMETERS:
2022-01-29 17:37:07,751: Learning rate: 0.003449, Batch size: 32, LSTM Dimension: 256, MLP Dimension: 32
2022-01-29 17:49:59,748: VALIDATION SET ACCURACIES:
2022-01-29 17:49:59,748: 87.28 %
2022-01-29 17:49:59,748: 87.61 %
2022-01-29 17:49:59,748: 89.17 %
2022-01-29 17:49:59,748: 90.18 %
2022-01-29 17:49:59,748: 91.18 %
2022-01-29 17:49:59,748: 91.96 %
2022-01-29 17:49:59,748: 91.41 %
2022-01-29 17:49:59,748: 92.30 %
2022-01-29 17:49:59,748: 92.52 %
2022-01-29 17:49:59,748: 92.52 %
2022-01-29 17:49:59,748: 92.41 %
2022-01-29 17:49:59,748: 91.52 %
2022-01-29 17:49:59,748: 91.29 %
2022-01-29 17:49:59,748: 90.74 %
2022-01-29 17:49:59,748: 90.85 %
2022-01-29 17:49:59,748: 91.18 %
2022-01-29 17:49:59,748: 90.51 %
2022-01-29 17:49:59,748: 90.96 %
2022-01-29 17:49:59,748: 90.85 %
2022-01-29 17:49:59,748: 89.96 %
2022-01-29 17:49:59,748: =====
2022-01-29 17:49:59,748: HYPERPARAMETER SEARCH ITERATION: 13
2022-01-29 17:50:00,294: HYPERPARAMETERS:
2022-01-29 17:50:00,294: Learning rate: 0.074127, Batch size: 256, LSTM Dimension: 64, MLP Dimension: 256
2022-01-29 17:52:49,808: VALIDATION SET ACCURACIES:
2022-01-29 17:52:49,808: 74.41 %
2022-01-29 17:52:49,808: 75.29 %
2022-01-29 17:52:49,808: 75.29 %
2022-01-29 17:52:49,808: 72.85 %
2022-01-29 17:52:49,808: 75.88 %
2022-01-29 17:52:49,808: 75.39 %
2022-01-29 17:52:49,808: 75.39 %
2022-01-29 17:52:49,808: 70.80 %
2022-01-29 17:52:49,808: 75.88 %
2022-01-29 17:52:49,808: 73.05 %
2022-01-29 17:52:49,808: 74.90 %
2022-01-29 17:52:49,808: 72.07 %
2022-01-29 17:52:49,808: 75.29 %
2022-01-29 17:52:49,808: 75.98 %
2022-01-29 17:52:49,808: 74.41 %
2022-01-29 17:52:49,808: 73.73 %
2022-01-29 17:52:49,808: 70.51 %
2022-01-29 17:52:49,808: 75.68 %
2022-01-29 17:52:49,808: 74.71 %
2022-01-29 17:52:49,808: 75.59 %
2022-01-29 17:52:49,808: =====
2022-01-29 17:52:49,808: HYPERPARAMETER SEARCH ITERATION: 14
2022-01-29 17:52:50,355: HYPERPARAMETERS:
2022-01-29 17:52:50,355: Learning rate: 0.000224, Batch size: 64, LSTM Dimension: 512, MLP Dimension: 256
2022-01-29 18:19:54,528: VALIDATION SET ACCURACIES:
2022-01-29 18:19:54,528: 86.38 %
2022-01-29 18:19:54,528: 86.72 %
2022-01-29 18:19:54,528: 86.72 %
2022-01-29 18:19:54,528: 86.72 %
2022-01-29 18:19:54,528: 86.72 %
2022-01-29 18:19:54,528: 86.94 %
2022-01-29 18:19:54,528: 87.17 %
2022-01-29 18:19:54,528: 87.83 %
2022-01-29 18:19:54,528: 88.06 %
2022-01-29 18:19:54,528: 88.06 %
2022-01-29 18:19:54,528: 88.28 %
2022-01-29 18:19:54,528: 88.39 %
2022-01-29 18:19:54,528: 88.62 %
2022-01-29 18:19:54,528: 88.73 %
2022-01-29 18:19:54,528: 89.06 %
2022-01-29 18:19:54,528: 89.06 %
2022-01-29 18:19:54,528: 89.40 %
2022-01-29 18:19:54,528: 89.73 %
2022-01-29 18:19:54,528: 89.29 %
2022-01-29 18:19:54,528: 89.51 %
2022-01-29 18:19:54,528: =====
2022-01-29 18:19:54,528: HYPERPARAMETER SEARCH ITERATION: 15
2022-01-29 18:19:55,076: HYPERPARAMETERS:
2022-01-29 18:19:55,076: Learning rate: 0.000505, Batch size: 128, LSTM Dimension: 32, MLP Dimension: 64
2022-01-29 18:21:40,672: VALIDATION SET ACCURACIES:
2022-01-29 18:21:40,672: 84.93 %
2022-01-29 18:21:40,672: 84.93 %
2022-01-29 18:21:40,672: 84.93 %
2022-01-29 18:21:40,672: 84.93 %
2022-01-29 18:21:40,672: 84.93 %
2022-01-29 18:21:40,672: 84.93 %
2022-01-29 18:21:40,672: 84.93 %
2022-01-29 18:21:40,672: 84.93 %
2022-01-29 18:21:40,672: 84.93 %
2022-01-29 18:21:40,672: 84.93 %
2022-01-29 18:21:40,672: 84.93 %
2022-01-29 18:21:40,672: 84.93 %
2022-01-29 18:21:40,672: 84.93 %
2022-01-29 18:21:40,672: 84.93 %
2022-01-29 18:21:40,672: 84.93 %
2022-01-29 18:21:40,672: 84.93 %
2022-01-29 18:21:40,672: 84.93 %
2022-01-29 18:21:40,672: 84.93 %
2022-01-29 18:21:40,672: 84.93 %
2022-01-29 18:21:40,672: 84.93 %
2022-01-29 18:21:40,672: =====
2022-01-29 18:21:40,672: HYPERPARAMETER SEARCH ITERATION: 16
2022-01-29 18:21:41,234: HYPERPARAMETERS:
2022-01-29 18:21:41,234: Learning rate: 0.007352, Batch size: 128, LSTM Dimension: 32, MLP Dimension: 128
2022-01-29 18:23:27,659: VALIDATION SET ACCURACIES:
2022-01-29 18:23:27,659: 85.27 %
2022-01-29 18:23:27,659: 85.60 %
2022-01-29 18:23:27,659: 85.60 %
2022-01-29 18:23:27,659: 86.27 %
2022-01-29 18:23:27,659: 85.83 %
2022-01-29 18:23:27,659: 86.61 %
2022-01-29 18:23:27,659: 87.39 %
2022-01-29 18:23:27,659: 88.06 %
2022-01-29 18:23:27,659: 87.95 %
2022-01-29 18:23:27,659: 88.62 %
2022-01-29 18:23:27,659: 89.06 %
2022-01-29 18:23:27,659: 89.17 %
2022-01-29 18:23:27,659: 88.95 %
2022-01-29 18:23:27,659: 89.17 %
2022-01-29 18:23:27,659: 89.29 %
2022-01-29 18:23:27,659: 89.40 %
2022-01-29 18:23:27,659: 89.51 %
2022-01-29 18:23:27,659: 85.49 %
2022-01-29 18:23:27,659: 89.40 %
2022-01-29 18:23:27,659: 89.06 %
2022-01-29 18:23:27,659: =====
2022-01-29 18:23:27,659: HYPERPARAMETER SEARCH ITERATION: 17
2022-01-29 18:23:28,206: HYPERPARAMETERS:
2022-01-29 18:23:28,206: Learning rate: 0.000743, Batch size: 256, LSTM Dimension: 128, MLP Dimension: 512
2022-01-29 18:28:35,405: VALIDATION SET ACCURACIES:
2022-01-29 18:28:35,405: 76.17 %
2022-01-29 18:28:35,405: 76.17 %
2022-01-29 18:28:35,405: 76.17 %
2022-01-29 18:28:35,405: 76.17 %
2022-01-29 18:28:35,405: 76.17 %
2022-01-29 18:28:35,405: 76.37 %
2022-01-29 18:28:35,405: 76.56 %
2022-01-29 18:28:35,421: 76.86 %
2022-01-29 18:28:35,421: 76.86 %
2022-01-29 18:28:35,421: 77.15 %
2022-01-29 18:28:35,421: 77.54 %
2022-01-29 18:28:35,421: 78.12 %
2022-01-29 18:28:35,421: 78.12 %
2022-01-29 18:28:35,421: 78.61 %
2022-01-29 18:28:35,421: 78.52 %
2022-01-29 18:28:35,421: 78.71 %
2022-01-29 18:28:35,421: 79.39 %
2022-01-29 18:28:35,421: 79.39 %
2022-01-29 18:28:35,421: 79.98 %
2022-01-29 18:28:35,421: 79.79 %
2022-01-29 18:28:35,421: =====
2022-01-29 18:28:35,421: HYPERPARAMETER SEARCH ITERATION: 18
2022-01-29 18:28:35,968: HYPERPARAMETERS:
2022-01-29 18:28:35,968: Learning rate: 0.060346, Batch size: 64, LSTM Dimension: 64, MLP Dimension: 128
2022-01-29 18:31:48,497: VALIDATION SET ACCURACIES:
2022-01-29 18:31:48,497: 84.82 %
2022-01-29 18:31:48,497: 83.82 %
2022-01-29 18:31:48,497: 70.87 %
2022-01-29 18:31:48,497: 85.49 %
2022-01-29 18:31:48,497: 86.61 %
2022-01-29 18:31:48,497: 87.72 %
2022-01-29 18:31:48,497: 85.60 %
2022-01-29 18:31:48,497: 87.50 %
2022-01-29 18:31:48,497: 87.17 %
2022-01-29 18:31:48,497: 86.16 %
2022-01-29 18:31:48,497: 86.50 %
2022-01-29 18:31:48,497: 85.38 %
2022-01-29 18:31:48,497: 86.05 %
2022-01-29 18:31:48,497: 86.05 %
2022-01-29 18:31:48,497: 87.39 %
2022-01-29 18:31:48,497: 86.72 %
2022-01-29 18:31:48,497: 87.05 %
2022-01-29 18:31:48,497: 87.61 %
2022-01-29 18:31:48,497: 86.72 %
2022-01-29 18:31:48,497: 87.39 %
2022-01-29 18:31:48,497: =====
2022-01-29 18:31:48,497: HYPERPARAMETER SEARCH ITERATION: 19
2022-01-29 18:31:49,044: HYPERPARAMETERS:
2022-01-29 18:31:49,044: Learning rate: 0.000272, Batch size: 32, LSTM Dimension: 256, MLP Dimension: 512
2022-01-29 18:44:49,402: VALIDATION SET ACCURACIES:
2022-01-29 18:44:49,402: 84.82 %
2022-01-29 18:44:49,402: 84.82 %
2022-01-29 18:44:49,402: 84.93 %
2022-01-29 18:44:49,402: 85.04 %
2022-01-29 18:44:49,402: 85.49 %
2022-01-29 18:44:49,402: 85.60 %
2022-01-29 18:44:49,402: 85.49 %
2022-01-29 18:44:49,402: 85.49 %
2022-01-29 18:44:49,402: 86.27 %
2022-01-29 18:44:49,402: 86.50 %
2022-01-29 18:44:49,402: 86.61 %
2022-01-29 18:44:49,402: 86.83 %
2022-01-29 18:44:49,402: 86.94 %
2022-01-29 18:44:49,402: 87.17 %
2022-01-29 18:44:49,402: 87.17 %
2022-01-29 18:44:49,402: 87.28 %
2022-01-29 18:44:49,402: 87.39 %
2022-01-29 18:44:49,402: 87.50 %
2022-01-29 18:44:49,402: 87.95 %
2022-01-29 18:44:49,402: 88.17 %
2022-01-29 18:44:49,402: =====
2022-01-29 18:44:49,402: HYPERPARAMETER SEARCH ITERATION: 20
2022-01-29 18:44:49,949: HYPERPARAMETERS:
2022-01-29 18:44:49,949: Learning rate: 0.032744, Batch size: 512, LSTM Dimension: 512, MLP Dimension: 256
2022-01-29 19:13:44,523: VALIDATION SET ACCURACIES:
2022-01-29 19:13:44,523: 75.20 %
2022-01-29 19:13:44,523: 75.10 %
2022-01-29 19:13:44,523: 74.71 %
2022-01-29 19:13:44,523: 56.15 %
2022-01-29 19:13:44,523: 75.39 %
2022-01-29 19:13:44,523: 71.97 %
2022-01-29 19:13:44,523: 72.75 %
2022-01-29 19:13:44,523: 68.95 %
2022-01-29 19:13:44,523: 75.39 %
2022-01-29 19:13:44,523: 73.83 %
2022-01-29 19:13:44,523: 73.83 %
2022-01-29 19:13:44,523: 75.29 %
2022-01-29 19:13:44,523: 76.37 %
2022-01-29 19:13:44,523: 76.27 %
2022-01-29 19:13:44,523: 76.17 %
2022-01-29 19:13:44,523: 74.90 %
2022-01-29 19:13:44,523: 63.87 %
2022-01-29 19:13:44,523: 74.32 %
2022-01-29 19:13:44,523: 74.51 %
2022-01-29 19:13:44,523: 76.27 %
2022-01-29 19:13:44,523: =====
2022-01-29 19:13:44,523: HYPERPARAMETER SEARCH ITERATION: 21
2022-01-29 19:13:45,086: HYPERPARAMETERS:
2022-01-29 19:13:45,086: Learning rate: 0.008923, Batch size: 64, LSTM Dimension: 256, MLP Dimension: 512
2022-01-29 19:24:50,947: VALIDATION SET ACCURACIES:
2022-01-29 19:24:50,947: 89.73 %
2022-01-29 19:24:50,947: 90.74 %
2022-01-29 19:24:50,947: 89.40 %
2022-01-29 19:24:50,947: 91.52 %
2022-01-29 19:24:50,947: 90.29 %
2022-01-29 19:24:50,947: 91.29 %
2022-01-29 19:24:50,947: 87.83 %
2022-01-29 19:24:50,947: 91.85 %
2022-01-29 19:24:50,947: 91.85 %
2022-01-29 19:24:50,947: 92.52 %
2022-01-29 19:24:50,947: 89.96 %
2022-01-29 19:24:50,947: 92.97 %
2022-01-29 19:24:50,947: 92.30 %
2022-01-29 19:24:50,947: 90.85 %
2022-01-29 19:24:50,947: 92.52 %
2022-01-29 19:24:50,947: 91.29 %
2022-01-29 19:24:50,947: 92.97 %
2022-01-29 19:24:50,947: 92.41 %
2022-01-29 19:24:50,947: 91.18 %
2022-01-29 19:24:50,947: 92.19 %
2022-01-29 19:24:50,947: =====
2022-01-29 19:24:50,947: HYPERPARAMETER SEARCH ITERATION: 22
2022-01-29 19:24:51,495: HYPERPARAMETERS:
2022-01-29 19:24:51,495: Learning rate: 0.019207, Batch size: 128, LSTM Dimension: 32, MLP Dimension: 256
2022-01-29 19:26:37,787: VALIDATION SET ACCURACIES:
2022-01-29 19:26:37,787: 86.61 %
2022-01-29 19:26:37,787: 86.50 %
2022-01-29 19:26:37,787: 86.38 %
2022-01-29 19:26:37,787: 86.50 %
2022-01-29 19:26:37,787: 85.94 %
2022-01-29 19:26:37,787: 85.94 %
2022-01-29 19:26:37,787: 84.71 %
2022-01-29 19:26:37,787: 86.16 %
2022-01-29 19:26:37,787: 86.38 %
2022-01-29 19:26:37,787: 86.16 %
2022-01-29 19:26:37,787: 86.61 %
2022-01-29 19:26:37,787: 82.48 %
2022-01-29 19:26:37,787: 86.83 %
2022-01-29 19:26:37,787: 86.61 %
2022-01-29 19:26:37,787: 86.27 %
2022-01-29 19:26:37,787: 86.38 %
2022-01-29 19:26:37,787: 86.72 %
2022-01-29 19:26:37,787: 83.48 %
2022-01-29 19:26:37,787: 86.27 %
2022-01-29 19:26:37,787: 84.04 %
2022-01-29 19:26:37,787: =====
2022-01-29 19:26:37,787: HYPERPARAMETER SEARCH ITERATION: 23
2022-01-29 19:26:38,334: HYPERPARAMETERS:
2022-01-29 19:26:38,334: Learning rate: 0.003754, Batch size: 32, LSTM Dimension: 512, MLP Dimension: 128
2022-01-29 20:01:59,479: VALIDATION SET ACCURACIES:
2022-01-29 20:01:59,479: 86.83 %
2022-01-29 20:01:59,479: 88.84 %
2022-01-29 20:01:59,479: 87.39 %
2022-01-29 20:01:59,479: 89.51 %
2022-01-29 20:01:59,479: 89.17 %
2022-01-29 20:01:59,479: 91.18 %
2022-01-29 20:01:59,479: 91.85 %
2022-01-29 20:01:59,479: 91.52 %
2022-01-29 20:01:59,479: 91.41 %
2022-01-29 20:01:59,479: 92.08 %
2022-01-29 20:01:59,479: 92.41 %
2022-01-29 20:01:59,479: 90.29 %
2022-01-29 20:01:59,479: 92.41 %
2022-01-29 20:01:59,479: 90.74 %
2022-01-29 20:01:59,479: 90.40 %
2022-01-29 20:01:59,479: 91.96 %
2022-01-29 20:01:59,479: 91.52 %
2022-01-29 20:01:59,479: 90.85 %
2022-01-29 20:01:59,479: 90.51 %
2022-01-29 20:01:59,479: 92.52 %
2022-01-29 20:01:59,479: =====
2022-01-29 20:01:59,479: HYPERPARAMETER SEARCH ITERATION: 24
2022-01-29 20:02:00,086: HYPERPARAMETERS:
2022-01-29 20:02:00,086: Learning rate: 0.039251, Batch size: 32, LSTM Dimension: 256, MLP Dimension: 32
2022-01-29 20:16:12,879: VALIDATION SET ACCURACIES:
2022-01-29 20:16:12,879: 86.05 %
2022-01-29 20:16:12,879: 86.83 %
2022-01-29 20:16:12,879: 86.72 %
2022-01-29 20:16:12,879: 87.72 %
2022-01-29 20:16:12,879: 87.28 %
2022-01-29 20:16:12,879: 87.61 %
2022-01-29 20:16:12,879: 86.83 %
2022-01-29 20:16:12,879: 86.61 %
2022-01-29 20:16:12,879: 85.83 %
2022-01-29 20:16:12,879: 86.05 %
2022-01-29 20:16:12,879: 86.83 %
2022-01-29 20:16:12,879: 86.83 %
2022-01-29 20:16:12,879: 86.94 %
2022-01-29 20:16:12,879: 86.83 %
2022-01-29 20:16:12,879: 87.05 %
2022-01-29 20:16:12,879: 87.28 %
2022-01-29 20:16:12,879: 86.83 %
2022-01-29 20:16:12,879: 87.39 %
2022-01-29 20:16:12,879: 87.61 %
2022-01-29 20:16:12,879: 87.28 %
2022-01-29 20:16:12,879: =====
2022-01-29 20:16:12,879: HYPERPARAMETER SEARCH ITERATION: 25
2022-01-29 20:16:13,436: HYPERPARAMETERS:
2022-01-29 20:16:13,439: Learning rate: 0.011962, Batch size: 64, LSTM Dimension: 512, MLP Dimension: 128
2022-01-29 20:47:03,819: VALIDATION SET ACCURACIES:
2022-01-29 20:47:03,819: 88.39 %
2022-01-29 20:47:03,819: 90.18 %
2022-01-29 20:47:03,819: 89.29 %
2022-01-29 20:47:03,819: 89.73 %
2022-01-29 20:47:03,819: 91.52 %
2022-01-29 20:47:03,819: 90.18 %
2022-01-29 20:47:03,821: 90.07 %
2022-01-29 20:47:03,821: 90.85 %
2022-01-29 20:47:03,821: 90.96 %
2022-01-29 20:47:03,821: 89.73 %
2022-01-29 20:47:03,821: 89.06 %
2022-01-29 20:47:03,821: 89.84 %
2022-01-29 20:47:03,821: 91.29 %
2022-01-29 20:47:03,821: 90.96 %
2022-01-29 20:47:03,821: 90.85 %
2022-01-29 20:47:03,821: 89.51 %
2022-01-29 20:47:03,821: 89.40 %
2022-01-29 20:47:03,821: 89.06 %
2022-01-29 20:47:03,821: 89.73 %
2022-01-29 20:47:03,821: 89.51 %
2022-01-29 20:47:03,821: =====
2022-01-29 20:47:03,821: HYPERPARAMETER SEARCH ITERATION: 26
2022-01-29 20:47:04,390: HYPERPARAMETERS:
2022-01-29 20:47:04,390: Learning rate: 0.001015, Batch size: 64, LSTM Dimension: 128, MLP Dimension: 64
2022-01-29 20:52:55,362: VALIDATION SET ACCURACIES:
2022-01-29 20:52:55,362: 84.93 %
2022-01-29 20:52:55,362: 84.93 %
2022-01-29 20:52:55,362: 84.93 %
2022-01-29 20:52:55,362: 84.93 %
2022-01-29 20:52:55,362: 84.93 %
2022-01-29 20:52:55,362: 85.16 %
2022-01-29 20:52:55,362: 85.27 %
2022-01-29 20:52:55,362: 85.49 %
2022-01-29 20:52:55,362: 85.38 %
2022-01-29 20:52:55,362: 85.94 %
2022-01-29 20:52:55,362: 86.05 %
2022-01-29 20:52:55,362: 86.72 %
2022-01-29 20:52:55,362: 87.17 %
2022-01-29 20:52:55,362: 88.06 %
2022-01-29 20:52:55,362: 88.06 %
2022-01-29 20:52:55,362: 88.39 %
2022-01-29 20:52:55,362: 88.62 %
2022-01-29 20:52:55,362: 88.39 %
2022-01-29 20:52:55,362: 89.06 %
2022-01-29 20:52:55,362: 89.29 %
2022-01-29 20:52:55,362: =====
2022-01-29 20:52:55,362: HYPERPARAMETER SEARCH ITERATION: 27
2022-01-29 20:52:55,941: HYPERPARAMETERS:
2022-01-29 20:52:55,941: Learning rate: 0.000767, Batch size: 32, LSTM Dimension: 32, MLP Dimension: 256
2022-01-29 20:55:47,974: VALIDATION SET ACCURACIES:
2022-01-29 20:55:47,974: 86.72 %
2022-01-29 20:55:47,974: 86.72 %
2022-01-29 20:55:47,974: 86.72 %
2022-01-29 20:55:47,974: 86.72 %
2022-01-29 20:55:47,974: 86.72 %
2022-01-29 20:55:47,974: 86.72 %
2022-01-29 20:55:47,974: 86.72 %
2022-01-29 20:55:47,974: 86.94 %
2022-01-29 20:55:47,974: 87.05 %
2022-01-29 20:55:47,974: 87.05 %
2022-01-29 20:55:47,974: 87.61 %
2022-01-29 20:55:47,974: 87.61 %
2022-01-29 20:55:47,974: 87.50 %
2022-01-29 20:55:47,974: 87.28 %
2022-01-29 20:55:47,974: 87.61 %
2022-01-29 20:55:47,974: 87.50 %
2022-01-29 20:55:47,974: 87.61 %
2022-01-29 20:55:47,974: 87.72 %
2022-01-29 20:55:47,974: 88.06 %
2022-01-29 20:55:47,974: 88.39 %
2022-01-29 20:55:47,974: =====
2022-01-29 20:55:47,974: HYPERPARAMETER SEARCH ITERATION: 28
2022-01-29 20:55:48,535: HYPERPARAMETERS:
2022-01-29 20:55:48,535: Learning rate: 0.002659, Batch size: 32, LSTM Dimension: 512, MLP Dimension: 128
2022-01-29 21:33:14,562: VALIDATION SET ACCURACIES:
2022-01-29 21:33:14,562: 85.49 %
2022-01-29 21:33:14,562: 86.94 %
2022-01-29 21:33:14,562: 87.72 %
2022-01-29 21:33:14,562: 88.39 %
2022-01-29 21:33:14,562: 88.95 %
2022-01-29 21:33:14,562: 88.50 %
2022-01-29 21:33:14,562: 88.06 %
2022-01-29 21:33:14,562: 87.95 %
2022-01-29 21:33:14,562: 87.05 %
2022-01-29 21:33:14,562: 89.06 %
2022-01-29 21:33:14,562: 89.06 %
2022-01-29 21:33:14,562: 87.61 %
2022-01-29 21:33:14,562: 88.06 %
2022-01-29 21:33:14,562: 89.51 %
2022-01-29 21:33:14,562: 88.62 %
2022-01-29 21:33:14,562: 89.51 %
2022-01-29 21:33:14,562: 89.29 %
2022-01-29 21:33:14,562: 89.29 %
2022-01-29 21:33:14,562: 89.51 %
2022-01-29 21:33:14,562: 89.40 %
2022-01-29 21:33:14,562: =====
2022-01-29 21:33:14,562: HYPERPARAMETER SEARCH ITERATION: 29
2022-01-29 21:33:15,142: HYPERPARAMETERS:
2022-01-29 21:33:15,142: Learning rate: 0.000868, Batch size: 256, LSTM Dimension: 32, MLP Dimension: 256
2022-01-29 21:35:02,456: VALIDATION SET ACCURACIES:
2022-01-29 21:35:02,456: 75.20 %
2022-01-29 21:35:02,456: 75.20 %
2022-01-29 21:35:02,456: 75.20 %
2022-01-29 21:35:02,456: 75.20 %
2022-01-29 21:35:02,456: 75.20 %
2022-01-29 21:35:02,456: 75.20 %
2022-01-29 21:35:02,456: 75.20 %
2022-01-29 21:35:02,456: 75.20 %
2022-01-29 21:35:02,456: 75.20 %
2022-01-29 21:35:02,456: 75.20 %
2022-01-29 21:35:02,456: 75.20 %
2022-01-29 21:35:02,456: 75.29 %
2022-01-29 21:35:02,456: 75.39 %
2022-01-29 21:35:02,456: 75.39 %
2022-01-29 21:35:02,456: 75.49 %
2022-01-29 21:35:02,456: 75.49 %
2022-01-29 21:35:02,456: 76.07 %
2022-01-29 21:35:02,456: 76.37 %
2022-01-29 21:35:02,456: 76.27 %
2022-01-29 21:35:02,456: 76.27 %
2022-01-29 21:35:02,456: =====
2022-01-29 21:35:02,456: HYPERPARAMETER SEARCH ITERATION: 30
2022-01-29 21:35:03,026: HYPERPARAMETERS:
2022-01-29 21:35:03,026: Learning rate: 0.000130, Batch size: 32, LSTM Dimension: 256, MLP Dimension: 512
2022-01-29 21:49:02,324: VALIDATION SET ACCURACIES:
2022-01-29 21:49:02,324: 87.39 %
2022-01-29 21:49:02,324: 87.39 %
2022-01-29 21:49:02,324: 87.39 %
2022-01-29 21:49:02,324: 87.39 %
2022-01-29 21:49:02,324: 87.39 %
2022-01-29 21:49:02,324: 87.39 %
2022-01-29 21:49:02,324: 87.39 %
2022-01-29 21:49:02,324: 87.39 %
2022-01-29 21:49:02,324: 87.61 %
2022-01-29 21:49:02,324: 87.72 %
2022-01-29 21:49:02,324: 87.72 %
2022-01-29 21:49:02,324: 87.72 %
2022-01-29 21:49:02,324: 87.72 %
2022-01-29 21:49:02,324: 87.72 %
2022-01-29 21:49:02,324: 87.72 %
2022-01-29 21:49:02,324: 87.83 %
2022-01-29 21:49:02,324: 87.95 %
2022-01-29 21:49:02,324: 88.62 %
2022-01-29 21:49:02,324: 88.50 %
2022-01-29 21:49:02,324: 88.50 %
2022-01-29 21:49:02,324: =====
2022-01-29 21:49:02,324: HYPERPARAMETER SEARCH ITERATION: 31
2022-01-29 21:49:02,886: HYPERPARAMETERS:
2022-01-29 21:49:02,886: Learning rate: 0.000167, Batch size: 128, LSTM Dimension: 64, MLP Dimension: 32
2022-01-29 21:51:55,155: VALIDATION SET ACCURACIES:
2022-01-29 21:51:55,155: 83.93 %
2022-01-29 21:51:55,155: 84.71 %
2022-01-29 21:51:55,155: 84.71 %
2022-01-29 21:51:55,155: 84.71 %
2022-01-29 21:51:55,155: 84.71 %
2022-01-29 21:51:55,155: 84.71 %
2022-01-29 21:51:55,155: 84.71 %
2022-01-29 21:51:55,155: 84.71 %
2022-01-29 21:51:55,155: 84.71 %
2022-01-29 21:51:55,155: 84.71 %
2022-01-29 21:51:55,155: 84.71 %
2022-01-29 21:51:55,155: 84.71 %
2022-01-29 21:51:55,155: 84.71 %
2022-01-29 21:51:55,155: 84.71 %
2022-01-29 21:51:55,155: 84.71 %
2022-01-29 21:51:55,155: 84.71 %
2022-01-29 21:51:55,155: 84.71 %
2022-01-29 21:51:55,155: 84.71 %
2022-01-29 21:51:55,155: 84.71 %
2022-01-29 21:51:55,155: 84.71 %
2022-01-29 21:51:55,155: =====
2022-01-29 21:51:55,155: HYPERPARAMETER SEARCH ITERATION: 32
2022-01-29 21:51:55,702: HYPERPARAMETERS:
2022-01-29 21:51:55,702: Learning rate: 0.066508, Batch size: 512, LSTM Dimension: 64, MLP Dimension: 128
2022-01-29 21:54:53,773: VALIDATION SET ACCURACIES:
2022-01-29 21:54:53,773: 46.68 %
2022-01-29 21:54:53,773: 76.86 %
2022-01-29 21:54:53,773: 76.76 %
2022-01-29 21:54:53,773: 73.93 %
2022-01-29 21:54:53,773: 76.86 %
2022-01-29 21:54:53,773: 76.37 %
2022-01-29 21:54:53,773: 75.98 %
2022-01-29 21:54:53,773: 57.91 %
2022-01-29 21:54:53,773: 75.29 %
2022-01-29 21:54:53,773: 76.95 %
2022-01-29 21:54:53,773: 56.45 %
2022-01-29 21:54:53,773: 76.95 %
2022-01-29 21:54:53,773: 76.07 %
2022-01-29 21:54:53,773: 77.25 %
2022-01-29 21:54:53,773: 71.78 %
2022-01-29 21:54:53,773: 77.44 %
2022-01-29 21:54:53,773: 71.00 %
2022-01-29 21:54:53,773: 58.40 %
2022-01-29 21:54:53,773: 76.76 %
2022-01-29 21:54:53,773: 70.70 %
2022-01-29 21:54:53,773: =====
2022-01-29 21:54:53,773: HYPERPARAMETER SEARCH ITERATION: 33
2022-01-29 21:54:54,336: HYPERPARAMETERS:
2022-01-29 21:54:54,336: Learning rate: 0.000589, Batch size: 64, LSTM Dimension: 64, MLP Dimension: 32
2022-01-29 21:58:10,056: VALIDATION SET ACCURACIES:
2022-01-29 21:58:10,056: 87.05 %
2022-01-29 21:58:10,056: 87.05 %
2022-01-29 21:58:10,056: 87.05 %
2022-01-29 21:58:10,056: 87.05 %
2022-01-29 21:58:10,056: 87.05 %
2022-01-29 21:58:10,056: 87.05 %
2022-01-29 21:58:10,056: 87.05 %
2022-01-29 21:58:10,056: 87.05 %
2022-01-29 21:58:10,056: 87.05 %
2022-01-29 21:58:10,056: 87.05 %
2022-01-29 21:58:10,056: 87.05 %
2022-01-29 21:58:10,056: 87.05 %
2022-01-29 21:58:10,056: 87.05 %
2022-01-29 21:58:10,056: 87.05 %
2022-01-29 21:58:10,056: 87.05 %
2022-01-29 21:58:10,056: 87.05 %
2022-01-29 21:58:10,056: 87.05 %
2022-01-29 21:58:10,056: 87.05 %
2022-01-29 21:58:10,056: 87.05 %
2022-01-29 21:58:10,056: 87.17 %
2022-01-29 21:58:10,056: =====
2022-01-29 21:58:10,056: HYPERPARAMETER SEARCH ITERATION: 34
2022-01-29 21:58:10,649: HYPERPARAMETERS:
2022-01-29 21:58:10,650: Learning rate: 0.053361, Batch size: 64, LSTM Dimension: 32, MLP Dimension: 256
2022-01-29 22:00:11,788: VALIDATION SET ACCURACIES:
2022-01-29 22:00:11,788: 84.49 %
2022-01-29 22:00:11,788: 78.35 %
2022-01-29 22:00:11,788: 81.36 %
2022-01-29 22:00:11,788: 84.82 %
2022-01-29 22:00:11,788: 71.76 %
2022-01-29 22:00:11,788: 84.26 %
2022-01-29 22:00:11,788: 85.16 %
2022-01-29 22:00:11,788: 85.38 %
2022-01-29 22:00:11,788: 85.27 %
2022-01-29 22:00:11,788: 86.05 %
2022-01-29 22:00:11,788: 85.71 %
2022-01-29 22:00:11,788: 81.25 %
2022-01-29 22:00:11,788: 85.60 %
2022-01-29 22:00:11,788: 86.05 %
2022-01-29 22:00:11,788: 85.27 %
2022-01-29 22:00:11,788: 85.94 %
2022-01-29 22:00:11,788: 85.83 %
2022-01-29 22:00:11,788: 86.38 %
2022-01-29 22:00:11,788: 85.16 %
2022-01-29 22:00:11,788: 84.93 %
2022-01-29 22:00:11,788: =====
2022-01-29 22:00:11,788: HYPERPARAMETER SEARCH ITERATION: 35
2022-01-29 22:00:12,350: HYPERPARAMETERS:
2022-01-29 22:00:12,350: Learning rate: 0.000360, Batch size: 256, LSTM Dimension: 256, MLP Dimension: 256
2022-01-29 22:11:23,056: VALIDATION SET ACCURACIES:
2022-01-29 22:11:23,056: 75.68 %
2022-01-29 22:11:23,056: 75.88 %
2022-01-29 22:11:23,056: 75.88 %
2022-01-29 22:11:23,056: 75.88 %
2022-01-29 22:11:23,056: 75.88 %
2022-01-29 22:11:23,056: 75.88 %
2022-01-29 22:11:23,056: 75.88 %
2022-01-29 22:11:23,056: 75.88 %
2022-01-29 22:11:23,056: 75.88 %
2022-01-29 22:11:23,056: 76.07 %
2022-01-29 22:11:23,056: 76.17 %
2022-01-29 22:11:23,056: 76.37 %
2022-01-29 22:11:23,056: 76.86 %
2022-01-29 22:11:23,056: 76.76 %
2022-01-29 22:11:23,056: 76.76 %
2022-01-29 22:11:23,056: 76.76 %
2022-01-29 22:11:23,056: 77.05 %
2022-01-29 22:11:23,056: 77.05 %
2022-01-29 22:11:23,056: 77.05 %
2022-01-29 22:11:23,056: 77.64 %
2022-01-29 22:11:23,056: =====
2022-01-29 22:11:23,056: HYPERPARAMETER SEARCH ITERATION: 36
2022-01-29 22:11:23,618: HYPERPARAMETERS:
2022-01-29 22:11:23,618: Learning rate: 0.003865, Batch size: 32, LSTM Dimension: 512, MLP Dimension: 128
2022-01-29 22:46:32,323: VALIDATION SET ACCURACIES:
2022-01-29 22:46:32,323: 88.50 %
2022-01-29 22:46:32,323: 89.40 %
2022-01-29 22:46:32,323: 90.29 %
2022-01-29 22:46:32,323: 90.29 %
2022-01-29 22:46:32,323: 90.74 %
2022-01-29 22:46:32,323: 90.62 %
2022-01-29 22:46:32,323: 90.29 %
2022-01-29 22:46:32,323: 90.74 %
2022-01-29 22:46:32,323: 92.08 %
2022-01-29 22:46:32,323: 91.74 %
2022-01-29 22:46:32,323: 92.08 %
2022-01-29 22:46:32,323: 90.40 %
2022-01-29 22:46:32,323: 93.75 %
2022-01-29 22:46:32,323: 94.42 %
2022-01-29 22:46:32,323: 92.97 %
2022-01-29 22:46:32,323: 93.19 %
2022-01-29 22:46:32,323: 93.19 %
2022-01-29 22:46:32,323: 92.97 %
2022-01-29 22:46:32,323: 92.30 %
2022-01-29 22:46:32,323: 92.41 %
2022-01-29 22:46:32,323: =====
2022-01-29 22:46:32,323: HYPERPARAMETER SEARCH ITERATION: 37
2022-01-29 22:46:32,901: HYPERPARAMETERS:
2022-01-29 22:46:32,901: Learning rate: 0.015200, Batch size: 512, LSTM Dimension: 64, MLP Dimension: 256
2022-01-29 22:49:28,133: VALIDATION SET ACCURACIES:
2022-01-29 22:49:28,133: 75.49 %
2022-01-29 22:49:28,133: 73.34 %
2022-01-29 22:49:28,133: 75.78 %
2022-01-29 22:49:28,133: 73.44 %
2022-01-29 22:49:28,133: 75.68 %
2022-01-29 22:49:28,133: 75.59 %
2022-01-29 22:49:28,133: 76.27 %
2022-01-29 22:49:28,133: 75.98 %
2022-01-29 22:49:28,133: 75.49 %
2022-01-29 22:49:28,133: 75.49 %
2022-01-29 22:49:28,133: 75.49 %
2022-01-29 22:49:28,133: 75.78 %
2022-01-29 22:49:28,133: 76.07 %
2022-01-29 22:49:28,133: 75.68 %
2022-01-29 22:49:28,133: 75.59 %
2022-01-29 22:49:28,133: 75.59 %
2022-01-29 22:49:28,133: 75.78 %
2022-01-29 22:49:28,133: 75.59 %
2022-01-29 22:49:28,133: 76.27 %
2022-01-29 22:49:28,133: 76.17 %
2022-01-29 22:49:28,133: =====
2022-01-29 22:49:28,133: HYPERPARAMETER SEARCH ITERATION: 38
2022-01-29 22:49:28,681: HYPERPARAMETERS:
2022-01-29 22:49:28,681: Learning rate: 0.010749, Batch size: 32, LSTM Dimension: 32, MLP Dimension: 512
2022-01-29 22:52:07,264: VALIDATION SET ACCURACIES:
2022-01-29 22:52:07,264: 87.50 %
2022-01-29 22:52:07,264: 87.50 %
2022-01-29 22:52:07,264: 87.17 %
2022-01-29 22:52:07,264: 87.28 %
2022-01-29 22:52:07,264: 86.72 %
2022-01-29 22:52:07,264: 87.72 %
2022-01-29 22:52:07,264: 87.95 %
2022-01-29 22:52:07,264: 87.61 %
2022-01-29 22:52:07,264: 88.73 %
2022-01-29 22:52:07,264: 87.72 %
2022-01-29 22:52:07,264: 88.17 %
2022-01-29 22:52:07,264: 87.95 %
2022-01-29 22:52:07,264: 88.06 %
2022-01-29 22:52:07,264: 86.61 %
2022-01-29 22:52:07,264: 87.50 %
2022-01-29 22:52:07,264: 86.83 %
2022-01-29 22:52:07,264: 87.72 %
2022-01-29 22:52:07,264: 88.28 %
2022-01-29 22:52:07,264: 88.39 %
2022-01-29 22:52:07,264: 88.06 %
2022-01-29 22:52:07,264: =====
2022-01-29 22:52:07,264: HYPERPARAMETER SEARCH ITERATION: 39
2022-01-29 22:52:07,799: HYPERPARAMETERS:
2022-01-29 22:52:07,799: Learning rate: 0.001459, Batch size: 64, LSTM Dimension: 512, MLP Dimension: 512
2022-01-29 23:19:15,752: VALIDATION SET ACCURACIES:
2022-01-29 23:19:15,752: 85.94 %
2022-01-29 23:19:15,752: 88.17 %
2022-01-29 23:19:15,752: 87.83 %
2022-01-29 23:19:15,752: 88.62 %
2022-01-29 23:19:15,752: 88.17 %
2022-01-29 23:19:15,752: 88.62 %
2022-01-29 23:19:15,752: 88.50 %
2022-01-29 23:19:15,752: 88.39 %
2022-01-29 23:19:15,752: 88.73 %
2022-01-29 23:19:15,752: 88.95 %
2022-01-29 23:19:15,752: 88.39 %
2022-01-29 23:19:15,752: 88.06 %
2022-01-29 23:19:15,752: 88.84 %
2022-01-29 23:19:15,752: 90.07 %
2022-01-29 23:19:15,752: 90.07 %
2022-01-29 23:19:15,752: 89.96 %
2022-01-29 23:19:15,752: 89.73 %
2022-01-29 23:19:15,752: 89.96 %
2022-01-29 23:19:15,752: 91.18 %
2022-01-29 23:19:15,752: 90.85 %
2022-01-29 23:19:15,752: =====
2022-01-29 23:19:15,752: HYPERPARAMETER SEARCH ITERATION: 40
2022-01-29 23:19:16,299: HYPERPARAMETERS:
2022-01-29 23:19:16,299: Learning rate: 0.007022, Batch size: 512, LSTM Dimension: 256, MLP Dimension: 256
2022-01-29 23:32:27,638: VALIDATION SET ACCURACIES:
2022-01-29 23:32:27,638: 74.80 %
2022-01-29 23:32:27,638: 75.68 %
2022-01-29 23:32:27,638: 76.66 %
2022-01-29 23:32:27,638: 76.86 %
2022-01-29 23:32:27,638: 74.90 %
2022-01-29 23:32:27,638: 76.17 %
2022-01-29 23:32:27,638: 75.59 %
2022-01-29 23:32:27,638: 76.66 %
2022-01-29 23:32:27,638: 75.00 %
2022-01-29 23:32:27,638: 76.27 %
2022-01-29 23:32:27,638: 77.64 %
2022-01-29 23:32:27,638: 77.05 %
2022-01-29 23:32:27,638: 77.73 %
2022-01-29 23:32:27,638: 70.70 %
2022-01-29 23:32:27,638: 77.93 %
2022-01-29 23:32:27,638: 78.52 %
2022-01-29 23:32:27,638: 50.49 %
2022-01-29 23:32:27,638: 77.54 %
2022-01-29 23:32:27,638: 77.15 %
2022-01-29 23:32:27,638: 77.44 %
2022-01-29 23:32:27,638: =====
2022-01-29 23:32:27,638: HYPERPARAMETER SEARCH ITERATION: 41
2022-01-29 23:32:28,185: HYPERPARAMETERS:
2022-01-29 23:32:28,185: Learning rate: 0.005605, Batch size: 512, LSTM Dimension: 512, MLP Dimension: 512
2022-01-29 23:59:55,564: VALIDATION SET ACCURACIES:
2022-01-29 23:59:55,564: 75.39 %
2022-01-29 23:59:55,564: 76.17 %
2022-01-29 23:59:55,564: 75.98 %
2022-01-29 23:59:55,564: 77.54 %
2022-01-29 23:59:55,564: 77.44 %
2022-01-29 23:59:55,564: 76.95 %
2022-01-29 23:59:55,564: 78.22 %
2022-01-29 23:59:55,564: 77.83 %
2022-01-29 23:59:55,564: 76.37 %
2022-01-29 23:59:55,564: 78.42 %
2022-01-29 23:59:55,564: 78.03 %
2022-01-29 23:59:55,564: 75.68 %
2022-01-29 23:59:55,564: 77.25 %
2022-01-29 23:59:55,564: 74.41 %
2022-01-29 23:59:55,564: 78.22 %
2022-01-29 23:59:55,564: 78.71 %
2022-01-29 23:59:55,564: 77.44 %
2022-01-29 23:59:55,564: 77.93 %
2022-01-29 23:59:55,564: 77.34 %
2022-01-29 23:59:55,564: 76.76 %
2022-01-29 23:59:55,564: =====
2022-01-29 23:59:55,564: HYPERPARAMETER SEARCH ITERATION: 42
2022-01-29 23:59:56,111: HYPERPARAMETERS:
2022-01-29 23:59:56,111: Learning rate: 0.000420, Batch size: 32, LSTM Dimension: 64, MLP Dimension: 128
2022-01-30 00:03:37,372: VALIDATION SET ACCURACIES:
2022-01-30 00:03:37,372: 86.38 %
2022-01-30 00:03:37,372: 86.38 %
2022-01-30 00:03:37,372: 86.38 %
2022-01-30 00:03:37,372: 86.38 %
2022-01-30 00:03:37,372: 86.38 %
2022-01-30 00:03:37,372: 86.38 %
2022-01-30 00:03:37,372: 86.38 %
2022-01-30 00:03:37,372: 86.38 %
2022-01-30 00:03:37,372: 86.38 %
2022-01-30 00:03:37,372: 86.38 %
2022-01-30 00:03:37,372: 86.83 %
2022-01-30 00:03:37,372: 86.83 %
2022-01-30 00:03:37,372: 86.83 %
2022-01-30 00:03:37,372: 86.94 %
2022-01-30 00:03:37,372: 87.05 %
2022-01-30 00:03:37,372: 87.17 %
2022-01-30 00:03:37,372: 87.17 %
2022-01-30 00:03:37,372: 87.50 %
2022-01-30 00:03:37,372: 87.39 %
2022-01-30 00:03:37,372: 87.28 %
2022-01-30 00:03:37,372: =====
2022-01-30 00:03:37,372: HYPERPARAMETER SEARCH ITERATION: 43
2022-01-30 00:03:37,922: HYPERPARAMETERS:
2022-01-30 00:03:37,922: Learning rate: 0.001783, Batch size: 128, LSTM Dimension: 64, MLP Dimension: 256
2022-01-30 00:06:26,149: VALIDATION SET ACCURACIES:
2022-01-30 00:06:26,149: 86.16 %
2022-01-30 00:06:26,149: 86.16 %
2022-01-30 00:06:26,149: 86.16 %
2022-01-30 00:06:26,149: 86.50 %
2022-01-30 00:06:26,149: 86.94 %
2022-01-30 00:06:26,149: 87.39 %
2022-01-30 00:06:26,149: 87.05 %
2022-01-30 00:06:26,149: 87.28 %
2022-01-30 00:06:26,149: 87.28 %
2022-01-30 00:06:26,149: 87.05 %
2022-01-30 00:06:26,149: 87.05 %
2022-01-30 00:06:26,149: 88.06 %
2022-01-30 00:06:26,149: 88.50 %
2022-01-30 00:06:26,149: 88.50 %
2022-01-30 00:06:26,149: 89.06 %
2022-01-30 00:06:26,149: 89.29 %
2022-01-30 00:06:26,149: 89.29 %
2022-01-30 00:06:26,149: 89.29 %
2022-01-30 00:06:26,149: 89.40 %
2022-01-30 00:06:26,149: 89.17 %
2022-01-30 00:06:26,149: =====
2022-01-30 00:06:26,149: HYPERPARAMETER SEARCH ITERATION: 44
2022-01-30 00:06:26,696: HYPERPARAMETERS:
2022-01-30 00:06:26,696: Learning rate: 0.025773, Batch size: 256, LSTM Dimension: 32, MLP Dimension: 512
2022-01-30 00:08:07,952: VALIDATION SET ACCURACIES:
2022-01-30 00:08:07,952: 75.39 %
2022-01-30 00:08:07,952: 71.09 %
2022-01-30 00:08:07,952: 75.29 %
2022-01-30 00:08:07,952: 68.07 %
2022-01-30 00:08:07,952: 75.00 %
2022-01-30 00:08:07,952: 74.41 %
2022-01-30 00:08:07,952: 75.59 %
2022-01-30 00:08:07,952: 75.98 %
2022-01-30 00:08:07,952: 75.49 %
2022-01-30 00:08:07,952: 75.49 %
2022-01-30 00:08:07,952: 75.59 %
2022-01-30 00:08:07,952: 76.07 %
2022-01-30 00:08:07,952: 73.63 %
2022-01-30 00:08:07,952: 75.29 %
2022-01-30 00:08:07,952: 72.56 %
2022-01-30 00:08:07,952: 75.39 %
2022-01-30 00:08:07,952: 69.63 %
2022-01-30 00:08:07,952: 47.85 %
2022-01-30 00:08:07,952: 71.39 %
2022-01-30 00:08:07,952: 74.80 %
2022-01-30 00:08:07,952: =====
2022-01-30 00:08:07,952: HYPERPARAMETER SEARCH ITERATION: 45
2022-01-30 00:08:08,515: HYPERPARAMETERS:
2022-01-30 00:08:08,515: Learning rate: 0.004246, Batch size: 512, LSTM Dimension: 256, MLP Dimension: 128
2022-01-30 00:21:29,131: VALIDATION SET ACCURACIES:
2022-01-30 00:21:29,131: 74.80 %
2022-01-30 00:21:29,131: 74.90 %
2022-01-30 00:21:29,131: 75.20 %
2022-01-30 00:21:29,131: 75.78 %
2022-01-30 00:21:29,131: 75.78 %
2022-01-30 00:21:29,131: 75.88 %
2022-01-30 00:21:29,131: 75.10 %
2022-01-30 00:21:29,131: 76.46 %
2022-01-30 00:21:29,131: 74.02 %
2022-01-30 00:21:29,131: 77.64 %
2022-01-30 00:21:29,131: 77.25 %
2022-01-30 00:21:29,131: 78.52 %
2022-01-30 00:21:29,131: 78.61 %
2022-01-30 00:21:29,131: 78.71 %
2022-01-30 00:21:29,131: 77.93 %
2022-01-30 00:21:29,131: 78.03 %
2022-01-30 00:21:29,131: 77.34 %
2022-01-30 00:21:29,131: 78.12 %
2022-01-30 00:21:29,131: 77.25 %
2022-01-30 00:21:29,131: 77.93 %
2022-01-30 00:21:29,131: =====
2022-01-30 00:21:29,131: HYPERPARAMETER SEARCH ITERATION: 46
2022-01-30 00:21:29,678: HYPERPARAMETERS:
2022-01-30 00:21:29,678: Learning rate: 0.004108, Batch size: 128, LSTM Dimension: 128, MLP Dimension: 32
2022-01-30 00:26:32,566: VALIDATION SET ACCURACIES:
2022-01-30 00:26:32,566: 86.38 %
2022-01-30 00:26:32,566: 86.50 %
2022-01-30 00:26:32,566: 87.05 %
2022-01-30 00:26:32,566: 87.28 %
2022-01-30 00:26:32,566: 88.39 %
2022-01-30 00:26:32,566: 88.39 %
2022-01-30 00:26:32,566: 89.06 %
2022-01-30 00:26:32,566: 89.51 %
2022-01-30 00:26:32,566: 90.40 %
2022-01-30 00:26:32,566: 90.18 %
2022-01-30 00:26:32,566: 89.84 %
2022-01-30 00:26:32,566: 90.40 %
2022-01-30 00:26:32,566: 90.29 %
2022-01-30 00:26:32,566: 90.29 %
2022-01-30 00:26:32,566: 90.40 %
2022-01-30 00:26:32,566: 91.07 %
2022-01-30 00:26:32,566: 91.07 %
2022-01-30 00:26:32,566: 90.74 %
2022-01-30 00:26:32,566: 90.07 %
2022-01-30 00:26:32,566: 90.07 %
2022-01-30 00:26:32,566: =====
2022-01-30 00:26:32,566: HYPERPARAMETER SEARCH ITERATION: 47
2022-01-30 00:26:33,113: HYPERPARAMETERS:
2022-01-30 00:26:33,113: Learning rate: 0.001333, Batch size: 512, LSTM Dimension: 32, MLP Dimension: 32
2022-01-30 00:28:13,128: VALIDATION SET ACCURACIES:
2022-01-30 00:28:13,128: 58.20 %
2022-01-30 00:28:13,128: 73.54 %
2022-01-30 00:28:13,128: 75.00 %
2022-01-30 00:28:13,128: 75.00 %
2022-01-30 00:28:13,128: 75.00 %
2022-01-30 00:28:13,128: 75.00 %
2022-01-30 00:28:13,128: 75.00 %
2022-01-30 00:28:13,128: 75.00 %
2022-01-30 00:28:13,128: 75.00 %
2022-01-30 00:28:13,128: 75.00 %
2022-01-30 00:28:13,128: 75.00 %
2022-01-30 00:28:13,128: 75.00 %
2022-01-30 00:28:13,128: 75.00 %
2022-01-30 00:28:13,128: 75.00 %
2022-01-30 00:28:13,128: 75.00 %
2022-01-30 00:28:13,128: 75.00 %
2022-01-30 00:28:13,128: 75.00 %
2022-01-30 00:28:13,128: 75.49 %
2022-01-30 00:28:13,128: 75.49 %
2022-01-30 00:28:13,128: 75.49 %
2022-01-30 00:28:13,128: =====
2022-01-30 00:28:13,128: HYPERPARAMETER SEARCH ITERATION: 48
2022-01-30 00:28:13,707: HYPERPARAMETERS:
2022-01-30 00:28:13,707: Learning rate: 0.000152, Batch size: 64, LSTM Dimension: 128, MLP Dimension: 512
2022-01-30 00:33:37,990: VALIDATION SET ACCURACIES:
2022-01-30 00:33:37,990: 85.16 %
2022-01-30 00:33:37,990: 85.16 %
2022-01-30 00:33:37,990: 85.16 %
2022-01-30 00:33:37,990: 85.16 %
2022-01-30 00:33:37,990: 85.16 %
2022-01-30 00:33:37,990: 85.16 %
2022-01-30 00:33:37,990: 85.16 %
2022-01-30 00:33:37,990: 85.16 %
2022-01-30 00:33:37,990: 85.16 %
2022-01-30 00:33:37,990: 85.16 %
2022-01-30 00:33:37,990: 85.16 %
2022-01-30 00:33:37,990: 85.16 %
2022-01-30 00:33:37,990: 85.16 %
2022-01-30 00:33:37,990: 85.60 %
2022-01-30 00:33:37,990: 85.60 %
2022-01-30 00:33:37,990: 85.71 %
2022-01-30 00:33:37,990: 85.83 %
2022-01-30 00:33:37,990: 85.83 %
2022-01-30 00:33:37,990: 85.83 %
2022-01-30 00:33:37,990: 86.05 %
2022-01-30 00:33:37,990: =====
2022-01-30 00:33:37,990: HYPERPARAMETER SEARCH ITERATION: 49
2022-01-30 00:33:38,537: HYPERPARAMETERS:
2022-01-30 00:33:38,537: Learning rate: 0.000114, Batch size: 32, LSTM Dimension: 512, MLP Dimension: 256
2022-01-30 01:07:13,628: VALIDATION SET ACCURACIES:
2022-01-30 01:07:13,628: 86.94 %
2022-01-30 01:07:13,628: 86.94 %
2022-01-30 01:07:13,628: 86.94 %
2022-01-30 01:07:13,628: 86.94 %
2022-01-30 01:07:13,628: 86.94 %
2022-01-30 01:07:13,628: 86.94 %
2022-01-30 01:07:13,628: 86.94 %
2022-01-30 01:07:13,628: 86.94 %
2022-01-30 01:07:13,628: 87.39 %
2022-01-30 01:07:13,628: 87.39 %
2022-01-30 01:07:13,628: 87.50 %
2022-01-30 01:07:13,628: 87.72 %
2022-01-30 01:07:13,628: 87.72 %
2022-01-30 01:07:13,628: 87.72 %
2022-01-30 01:07:13,628: 87.72 %
2022-01-30 01:07:13,628: 87.61 %
2022-01-30 01:07:13,628: 87.50 %
2022-01-30 01:07:13,628: 87.17 %
2022-01-30 01:07:13,628: 87.05 %
2022-01-30 01:07:13,628: 87.28 %
2022-01-30 01:07:13,628: =====
2022-01-30 01:07:13,628: HYPERPARAMETER SEARCH ITERATION: 50
2022-01-30 01:07:14,175: HYPERPARAMETERS:
2022-01-30 01:07:14,175: Learning rate: 0.000114, Batch size: 32, LSTM Dimension: 128, MLP Dimension: 128
2022-01-30 01:13:33,086: VALIDATION SET ACCURACIES:
2022-01-30 01:13:33,086: 87.83 %
2022-01-30 01:13:33,086: 88.17 %
2022-01-30 01:13:33,086: 88.17 %
2022-01-30 01:13:33,086: 88.17 %
2022-01-30 01:13:33,086: 88.17 %
2022-01-30 01:13:33,086: 88.17 %
2022-01-30 01:13:33,086: 88.17 %
2022-01-30 01:13:33,086: 88.17 %
2022-01-30 01:13:33,086: 88.17 %
2022-01-30 01:13:33,086: 88.17 %
2022-01-30 01:13:33,086: 88.17 %
2022-01-30 01:13:33,086: 88.17 %
2022-01-30 01:13:33,086: 88.17 %
2022-01-30 01:13:33,086: 88.17 %
2022-01-30 01:13:33,086: 88.17 %
2022-01-30 01:13:33,086: 88.17 %
2022-01-30 01:13:33,086: 88.17 %
2022-01-30 01:13:33,086: 88.17 %
2022-01-30 01:13:33,086: 88.17 %
2022-01-30 01:13:33,086: 88.17 %
2022-01-30 01:13:33,086: =====
2022-01-30 01:13:33,086: HYPERPARAMETER SEARCH ITERATION: 51
2022-01-30 01:13:33,633: HYPERPARAMETERS:
2022-01-30 01:13:33,633: Learning rate: 0.006372, Batch size: 256, LSTM Dimension: 256, MLP Dimension: 64
2022-01-30 01:24:24,542: VALIDATION SET ACCURACIES:
2022-01-30 01:24:24,542: 75.68 %
2022-01-30 01:24:24,542: 76.76 %
2022-01-30 01:24:24,542: 76.46 %
2022-01-30 01:24:24,542: 77.54 %
2022-01-30 01:24:24,542: 79.49 %
2022-01-30 01:24:24,542: 79.59 %
2022-01-30 01:24:24,542: 78.22 %
2022-01-30 01:24:24,542: 79.39 %
2022-01-30 01:24:24,542: 79.10 %
2022-01-30 01:24:24,542: 79.20 %
2022-01-30 01:24:24,542: 80.66 %
2022-01-30 01:24:24,542: 79.39 %
2022-01-30 01:24:24,542: 79.79 %
2022-01-30 01:24:24,542: 78.32 %
2022-01-30 01:24:24,542: 77.93 %
2022-01-30 01:24:24,542: 79.10 %
2022-01-30 01:24:24,542: 79.79 %
2022-01-30 01:24:24,542: 79.69 %
2022-01-30 01:24:24,542: 79.20 %
2022-01-30 01:24:24,542: 79.39 %
2022-01-30 01:24:24,542: =====
2022-01-30 01:24:24,542: HYPERPARAMETER SEARCH ITERATION: 52
2022-01-30 01:24:25,089: HYPERPARAMETERS:
2022-01-30 01:24:25,089: Learning rate: 0.006765, Batch size: 64, LSTM Dimension: 128, MLP Dimension: 64
2022-01-30 01:29:47,206: VALIDATION SET ACCURACIES:
2022-01-30 01:29:47,206: 86.94 %
2022-01-30 01:29:47,206: 88.84 %
2022-01-30 01:29:47,206: 89.40 %
2022-01-30 01:29:47,206: 90.62 %
2022-01-30 01:29:47,206: 89.84 %
2022-01-30 01:29:47,206: 89.96 %
2022-01-30 01:29:47,206: 90.85 %
2022-01-30 01:29:47,206: 88.62 %
2022-01-30 01:29:47,206: 90.18 %
2022-01-30 01:29:47,206: 89.73 %
2022-01-30 01:29:47,206: 90.62 %
2022-01-30 01:29:47,206: 89.29 %
2022-01-30 01:29:47,206: 90.51 %
2022-01-30 01:29:47,206: 90.07 %
2022-01-30 01:29:47,206: 90.96 %
2022-01-30 01:29:47,206: 89.84 %
2022-01-30 01:29:47,206: 90.07 %
2022-01-30 01:29:47,206: 89.73 %
2022-01-30 01:29:47,206: 89.96 %
2022-01-30 01:29:47,206: 89.40 %
2022-01-30 01:29:47,206: =====
2022-01-30 01:29:47,206: HYPERPARAMETER SEARCH ITERATION: 53
2022-01-30 01:29:47,753: HYPERPARAMETERS:
2022-01-30 01:29:47,753: Learning rate: 0.018653, Batch size: 512, LSTM Dimension: 32, MLP Dimension: 512
2022-01-30 01:31:30,032: VALIDATION SET ACCURACIES:
2022-01-30 01:31:30,032: 75.00 %
2022-01-30 01:31:30,032: 65.72 %
2022-01-30 01:31:30,032: 75.00 %
2022-01-30 01:31:30,032: 66.21 %
2022-01-30 01:31:30,032: 46.97 %
2022-01-30 01:31:30,032: 75.29 %
2022-01-30 01:31:30,032: 74.22 %
2022-01-30 01:31:30,032: 72.07 %
2022-01-30 01:31:30,032: 75.39 %
2022-01-30 01:31:30,032: 75.10 %
2022-01-30 01:31:30,032: 75.20 %
2022-01-30 01:31:30,032: 73.93 %
2022-01-30 01:31:30,032: 63.28 %
2022-01-30 01:31:30,032: 75.00 %
2022-01-30 01:31:30,032: 72.07 %
2022-01-30 01:31:30,032: 74.80 %
2022-01-30 01:31:30,032: 75.49 %
2022-01-30 01:31:30,032: 75.00 %
2022-01-30 01:31:30,032: 75.00 %
2022-01-30 01:31:30,032: 75.00 %
2022-01-30 01:31:30,032: =====
2022-01-30 01:31:30,032: HYPERPARAMETER SEARCH ITERATION: 54
2022-01-30 01:31:30,579: HYPERPARAMETERS:
2022-01-30 01:31:30,579: Learning rate: 0.009064, Batch size: 512, LSTM Dimension: 256, MLP Dimension: 32
2022-01-30 01:44:39,522: VALIDATION SET ACCURACIES:
2022-01-30 01:44:39,522: 76.37 %
2022-01-30 01:44:39,522: 76.76 %
2022-01-30 01:44:39,522: 75.49 %
2022-01-30 01:44:39,522: 76.56 %
2022-01-30 01:44:39,522: 78.03 %
2022-01-30 01:44:39,522: 73.93 %
2022-01-30 01:44:39,522: 78.22 %
2022-01-30 01:44:39,522: 78.12 %
2022-01-30 01:44:39,522: 78.12 %
2022-01-30 01:44:39,522: 79.20 %
2022-01-30 01:44:39,522: 78.52 %
2022-01-30 01:44:39,522: 79.69 %
2022-01-30 01:44:39,522: 79.20 %
2022-01-30 01:44:39,522: 78.91 %
2022-01-30 01:44:39,522: 78.81 %
2022-01-30 01:44:39,522: 78.71 %
2022-01-30 01:44:39,522: 78.71 %
2022-01-30 01:44:39,522: 77.73 %
2022-01-30 01:44:39,522: 78.61 %
2022-01-30 01:44:39,522: 78.52 %
2022-01-30 01:44:39,522: =====
2022-01-30 01:44:39,522: HYPERPARAMETER SEARCH ITERATION: 55
2022-01-30 01:44:40,074: HYPERPARAMETERS:
2022-01-30 01:44:40,074: Learning rate: 0.000119, Batch size: 32, LSTM Dimension: 512, MLP Dimension: 512
2022-01-30 02:18:20,869: VALIDATION SET ACCURACIES:
2022-01-30 02:18:20,869: 86.72 %
2022-01-30 02:18:20,869: 86.83 %
2022-01-30 02:18:20,869: 86.83 %
2022-01-30 02:18:20,869: 86.83 %
2022-01-30 02:18:20,869: 86.83 %
2022-01-30 02:18:20,869: 86.83 %
2022-01-30 02:18:20,869: 86.83 %
2022-01-30 02:18:20,869: 87.39 %
2022-01-30 02:18:20,869: 87.50 %
2022-01-30 02:18:20,869: 87.95 %
2022-01-30 02:18:20,869: 88.28 %
2022-01-30 02:18:20,869: 88.50 %
2022-01-30 02:18:20,869: 88.95 %
2022-01-30 02:18:20,869: 88.95 %
2022-01-30 02:18:20,869: 89.06 %
2022-01-30 02:18:20,869: 88.95 %
2022-01-30 02:18:20,869: 89.17 %
2022-01-30 02:18:20,869: 89.40 %
2022-01-30 02:18:20,869: 89.40 %
2022-01-30 02:18:20,869: 89.17 %
2022-01-30 02:18:20,869: =====
2022-01-30 02:18:20,869: HYPERPARAMETER SEARCH ITERATION: 56
2022-01-30 02:18:21,417: HYPERPARAMETERS:
2022-01-30 02:18:21,417: Learning rate: 0.004180, Batch size: 32, LSTM Dimension: 32, MLP Dimension: 128
2022-01-30 02:20:58,668: VALIDATION SET ACCURACIES:
2022-01-30 02:20:58,668: 85.71 %
2022-01-30 02:20:58,668: 85.71 %
2022-01-30 02:20:58,668: 85.83 %
2022-01-30 02:20:58,668: 85.71 %
2022-01-30 02:20:58,668: 86.05 %
2022-01-30 02:20:58,668: 86.38 %
2022-01-30 02:20:58,668: 86.38 %
2022-01-30 02:20:58,668: 87.50 %
2022-01-30 02:20:58,668: 86.27 %
2022-01-30 02:20:58,668: 87.50 %
2022-01-30 02:20:58,668: 88.50 %
2022-01-30 02:20:58,668: 89.06 %
2022-01-30 02:20:58,668: 90.18 %
2022-01-30 02:20:58,668: 89.17 %
2022-01-30 02:20:58,668: 89.17 %
2022-01-30 02:20:58,668: 89.29 %
2022-01-30 02:20:58,668: 88.84 %
2022-01-30 02:20:58,668: 89.17 %
2022-01-30 02:20:58,668: 89.17 %
2022-01-30 02:20:58,668: 89.29 %
2022-01-30 02:20:58,668: =====
2022-01-30 02:20:58,668: HYPERPARAMETER SEARCH ITERATION: 57
2022-01-30 02:20:59,199: HYPERPARAMETERS:
2022-01-30 02:20:59,199: Learning rate: 0.003102, Batch size: 32, LSTM Dimension: 256, MLP Dimension: 32
2022-01-30 02:33:54,078: VALIDATION SET ACCURACIES:
2022-01-30 02:33:54,078: 86.16 %
2022-01-30 02:33:54,078: 86.72 %
2022-01-30 02:33:54,078: 87.83 %
2022-01-30 02:33:54,078: 90.40 %
2022-01-30 02:33:54,078: 91.85 %
2022-01-30 02:33:54,078: 92.19 %
2022-01-30 02:33:54,078: 92.41 %
2022-01-30 02:33:54,078: 92.41 %
2022-01-30 02:33:54,078: 92.08 %
2022-01-30 02:33:54,078: 91.18 %
2022-01-30 02:33:54,078: 90.51 %
2022-01-30 02:33:54,078: 90.85 %
2022-01-30 02:33:54,078: 91.96 %
2022-01-30 02:33:54,078: 90.62 %
2022-01-30 02:33:54,078: 91.29 %
2022-01-30 02:33:54,078: 91.74 %
2022-01-30 02:33:54,078: 90.85 %
2022-01-30 02:33:54,078: 91.96 %
2022-01-30 02:33:54,078: 91.74 %
2022-01-30 02:33:54,078: 91.07 %
2022-01-30 02:33:54,078: =====
2022-01-30 02:33:54,078: HYPERPARAMETER SEARCH ITERATION: 58
2022-01-30 02:33:54,625: HYPERPARAMETERS:
2022-01-30 02:33:54,625: Learning rate: 0.074088, Batch size: 256, LSTM Dimension: 512, MLP Dimension: 512
2022-01-30 03:03:50,208: VALIDATION SET ACCURACIES:
2022-01-30 03:03:50,208: 36.62 %
2022-01-30 03:03:50,208: 75.49 %
2022-01-30 03:03:50,208: 75.98 %
2022-01-30 03:03:50,208: 74.32 %
2022-01-30 03:03:50,208: 77.44 %
2022-01-30 03:03:50,208: 74.12 %
2022-01-30 03:03:50,208: 77.15 %
2022-01-30 03:03:50,208: 76.76 %
2022-01-30 03:03:50,208: 78.22 %
2022-01-30 03:03:50,208: 76.46 %
2022-01-30 03:03:50,208: 77.54 %
2022-01-30 03:03:50,208: 77.54 %
2022-01-30 03:03:50,208: 77.54 %
2022-01-30 03:03:50,208: 77.25 %
2022-01-30 03:03:50,208: 77.73 %
2022-01-30 03:03:50,208: 76.27 %
2022-01-30 03:03:50,208: 77.93 %
2022-01-30 03:03:50,208: 76.95 %
2022-01-30 03:03:50,208: 77.54 %
2022-01-30 03:03:50,208: 76.95 %
2022-01-30 03:03:50,208: =====
2022-01-30 03:03:50,208: HYPERPARAMETER SEARCH ITERATION: 59
2022-01-30 03:03:50,756: HYPERPARAMETERS:
2022-01-30 03:03:50,756: Learning rate: 0.089532, Batch size: 256, LSTM Dimension: 256, MLP Dimension: 64
2022-01-30 03:15:04,846: VALIDATION SET ACCURACIES:
2022-01-30 03:15:04,846: 68.46 %
2022-01-30 03:15:04,846: 75.49 %
2022-01-30 03:15:04,846: 74.51 %
2022-01-30 03:15:04,846: 73.44 %
2022-01-30 03:15:04,846: 75.59 %
2022-01-30 03:15:04,846: 72.85 %
2022-01-30 03:15:04,846: 75.98 %
2022-01-30 03:15:04,846: 75.59 %
2022-01-30 03:15:04,846: 75.68 %
2022-01-30 03:15:04,846: 76.07 %
2022-01-30 03:15:04,846: 76.27 %
2022-01-30 03:15:04,846: 76.27 %
2022-01-30 03:15:04,846: 59.57 %
2022-01-30 03:15:04,846: 76.46 %
2022-01-30 03:15:04,846: 76.07 %
2022-01-30 03:15:04,846: 77.93 %
2022-01-30 03:15:04,846: 77.15 %
2022-01-30 03:15:04,846: 77.34 %
2022-01-30 03:15:04,846: 77.44 %
2022-01-30 03:15:04,846: 77.54 %
2022-01-30 03:15:04,846: =====
2022-01-30 03:15:04,846: TOP 5 HYPERPARAMETERS, THE CORRESPONDING MAXIMUM MEAN ACCURACIES, AND THE CORRESPONDING HYPERPARAMETER SEARCH ITERATIONS
2022-01-30 03:15:04,846: Hyperparameter combination: {'lr': 0.003865095279757109, 'batch_size': 32, 'lstm_hidden': 512, 'mlp_hidden': 128}
2022-01-30 03:15:04,846: Maximum accuracy recorded: 94.41964285714286
2022-01-30 03:15:04,846: Corresponding hyperparameter search iteration: 36
2022-01-30 03:15:04,846:  
2022-01-30 03:15:04,846: Hyperparameter combination: {'lr': 0.0012348334568352856, 'batch_size': 32, 'lstm_hidden': 256, 'mlp_hidden': 512}
2022-01-30 03:15:04,862: Maximum accuracy recorded: 94.19642857142857
2022-01-30 03:15:04,862: Corresponding hyperparameter search iteration: 7
2022-01-30 03:15:04,862:  
2022-01-30 03:15:04,862: Hyperparameter combination: {'lr': 0.008922631801314432, 'batch_size': 64, 'lstm_hidden': 256, 'mlp_hidden': 512}
2022-01-30 03:15:04,862: Maximum accuracy recorded: 92.96875
2022-01-30 03:15:04,862: Corresponding hyperparameter search iteration: 21
2022-01-30 03:15:04,862:  
2022-01-30 03:15:04,862: Hyperparameter combination: {'lr': 0.003449167972061286, 'batch_size': 32, 'lstm_hidden': 256, 'mlp_hidden': 32}
2022-01-30 03:15:04,862: Maximum accuracy recorded: 92.52232142857143
2022-01-30 03:15:04,862: Corresponding hyperparameter search iteration: 12
2022-01-30 03:15:04,862:  
2022-01-30 03:15:04,862: Hyperparameter combination: {'lr': 0.003754444280279868, 'batch_size': 32, 'lstm_hidden': 512, 'mlp_hidden': 128}
2022-01-30 03:15:04,862: Maximum accuracy recorded: 92.52232142857143
2022-01-30 03:15:04,862: Corresponding hyperparameter search iteration: 23
2022-01-30 03:15:04,862:  
2022-01-30 03:15:04,862: =====
